<?xml version="1.0" encoding="UTF-8"?>
<!-- Generated by org.testng.reporters.JUnitReportReporter -->
<testsuite hostname="AWESOME" failures="0" tests="4" name="DataDrivenTesting.Testddt" time="43.963" errors="0" timestamp="2022-08-11T21:50:21 IST" skipped="0">
  <testcase classname="DataDrivenTesting.Testddt" name="loginTest" time="8.666"/>
  <system-out/>
  <testcase classname="DataDrivenTesting.Testddt" name="loginTest" time="6.004"/>
  <system-out/>
  <testcase classname="DataDrivenTesting.Testddt" name="loginTest" time="5.176"/>
  <system-out/>
  <testcase classname="DataDrivenTesting.Testddt" name="loginTest" time="24.117"/>
  <system-out/>
</testsuite> <!-- DataDrivenTesting.Testddt -->
