<?xml version="1.0" encoding="UTF-8"?>
<!-- Generated by org.testng.reporters.JUnitReportReporter -->
<testsuite hostname="AWESOME" failures="0" tests="4" name="DataDrivenTesting.Testddt" time="24.509" errors="0" timestamp="2022-08-14T10:49:05 IST" skipped="0">
  <testcase classname="DataDrivenTesting.Testddt" name="loginTest" time="8.232"/>
  <system-out/>
  <testcase classname="DataDrivenTesting.Testddt" name="loginTest" time="4.993"/>
  <system-out/>
  <testcase classname="DataDrivenTesting.Testddt" name="loginTest" time="5.259"/>
  <system-out/>
  <testcase classname="DataDrivenTesting.Testddt" name="loginTest" time="6.025"/>
  <system-out/>
</testsuite> <!-- DataDrivenTesting.Testddt -->
